#
# There is insufficient memory for the Java Runtime Environment to continue.
# Native memory allocation (malloc) failed to allocate 867056 bytes. Error detail: Chunk::new
# Possible reasons:
#   The system is out of physical RAM or swap space
#   This process is running with CompressedOops enabled, and the Java Heap may be blocking the growth of the native heap
# Possible solutions:
#   Reduce memory load on the system
#   Increase physical memory or swap space
#   Check if swap backing store is full
#   Decrease Java heap size (-Xmx/-Xms)
#   Decrease number of Java threads
#   Decrease Java thread stack sizes (-Xss)
#   Set larger code cache with -XX:ReservedCodeCacheSize=
#   JVM is running with Unscaled Compressed Oops mode in which the Java heap is
#     placed in the first 4GB address space. The Java Heap base address is the
#     maximum limit for the native heap growth. Please use -XX:HeapBaseMinAddress
#     to set the Java Heap base and to place the Java Heap above 4GB virtual address.
# This output file may be truncated or incomplete.
#
#  Out of Memory Error (arena.cpp:191), pid=11948, tid=20100
#
# JRE version: OpenJDK Runtime Environment Temurin-17.0.12+7 (17.0.12+7) (build 17.0.12+7)
# Java VM: OpenJDK 64-Bit Server VM Temurin-17.0.12+7 (17.0.12+7, mixed mode, tiered, compressed oops, compressed class ptrs, parallel gc, windows-amd64)
# No core dump will be written. Minidumps are not enabled by default on client versions of Windows
#

---------------  S U M M A R Y ------------

Command Line: --add-modules=ALL-SYSTEM --add-opens=java.base/java.util=ALL-UNNAMED --add-opens=java.base/java.lang=ALL-UNNAMED --add-opens=java.base/sun.nio.fs=ALL-UNNAMED -Declipse.application=org.eclipse.jdt.ls.core.id1 -Dosgi.bundles.defaultStartLevel=4 -Declipse.product=org.eclipse.jdt.ls.core.product -Djava.import.generatesMetadataFilesAtProjectRoot=false -DDetectVMInstallationsJob.disabled=true -Dfile.encoding=utf8 -XX:+UseParallelGC -XX:GCTimeRatio=4 -XX:AdaptiveSizePolicyWeight=90 -Dsun.zip.disableMemoryMapping=true -Xmx1G -Xms100m -Xlog:disable -javaagent:c:\Users\navneet raj\.vscode\extensions\redhat.java-1.34.0-win32-x64\lombok\lombok-1.18.33.jar -XX:+HeapDumpOnOutOfMemoryError -XX:HeapDumpPath=c:\Users\navneet raj\AppData\Roaming\Code\User\workspaceStorage\94c26f5497e12af8846fbe0041721610\redhat.java -Daether.dependencyCollector.impl=bf c:\Users\navneet raj\.vscode\extensions\redhat.java-1.34.0-win32-x64\server\plugins\org.eclipse.equinox.launcher_1.6.900.v20240613-2009.jar -configuration c:\Users\navneet raj\AppData\Roaming\Code\User\globalStorage\redhat.java\1.34.0\config_win -data c:\Users\navneet raj\AppData\Roaming\Code\User\workspaceStorage\94c26f5497e12af8846fbe0041721610\redhat.java\jdt_ws --pipe=\\.\pipe\lsp-6e1d7148e0c7ebe8314e89b2159e65c9-sock

Host: 11th Gen Intel(R) Core(TM) i5-1135G7 @ 2.40GHz, 8 cores, 7G,  Windows 11 , 64 bit Build 22621 (10.0.22621.3958)
Time: Mon Sep 30 01:30:20 2024 India Standard Time elapsed time: 49.308090 seconds (0d 0h 0m 49s)

---------------  T H R E A D  ---------------

Current thread (0x000001a2fb2a0630):  JavaThread "C2 CompilerThread0" daemon [_thread_in_native, id=20100, stack(0x0000005a66b00000,0x0000005a66c00000)]


Current CompileTask:
C2:  49308 10929       4       org.apache.maven.repository.internal.ArtifactDescriptorReaderDelegate::convert (205 bytes)

Stack: [0x0000005a66b00000,0x0000005a66c00000]
Native frames: (J=compiled Java code, j=interpreted, Vv=VM code, C=native code)
V  [jvm.dll+0x67f929]
V  [jvm.dll+0x8371ba]
V  [jvm.dll+0x838c7e]
V  [jvm.dll+0x8392e3]
V  [jvm.dll+0x24834f]
V  [jvm.dll+0xac9d4]
V  [jvm.dll+0xad01c]
V  [jvm.dll+0x2af96f]
V  [jvm.dll+0x5868d7]
V  [jvm.dll+0x2231c2]
V  [jvm.dll+0x2235bf]
V  [jvm.dll+0x21c6e0]
V  [jvm.dll+0x219be1]
V  [jvm.dll+0x1a58bd]
V  [jvm.dll+0x229a2d]
V  [jvm.dll+0x227bdc]
V  [jvm.dll+0x7ec1f7]
V  [jvm.dll+0x7e65dc]
V  [jvm.dll+0x67e7f7]
C  [ucrtbase.dll+0x29333]
C  [KERNEL32.DLL+0x1257d]
C  [ntdll.dll+0x5af28]


---------------  P R O C E S S  ---------------

Threads class SMR info:
_java_thread_list=0x000001a2817ae610, length=43, elements={
0x000001a2e232d100, 0x000001a2f61b0040, 0x000001a2f61b11b0, 0x000001a2fb270b70,
0x000001a2f61be360, 0x000001a2fb2977d0, 0x000001a2fb29c0c0, 0x000001a2fb2a0630,
0x000001a2fb2a16e0, 0x000001a2fb2a47a0, 0x000001a2fb3b6c70, 0x000001a2fc4aeef0,
0x000001a2fc985ed0, 0x000001a2fcd50ae0, 0x000001a2fca05dd0, 0x000001a2fb3643a0,
0x000001a2fc610b40, 0x000001a2fc611560, 0x000001a2fc6129a0, 0x000001a2fc6138d0,
0x000001a2fc6133c0, 0x000001a2fc611a70, 0x000001a2fc611f80, 0x000001a2fc612eb0,
0x000001a2fecbd420, 0x000001a2fecbc4f0, 0x000001a2fecbf790, 0x000001a2fecbd930,
0x000001a2fecbbfe0, 0x000001a2fecbde40, 0x000001a2fecbed70, 0x000001a2fecbe350,
0x000001a2fecbca00, 0x000001a2fecbe860, 0x000001a2fecbf280, 0x000001a2fecbcf10,
0x000001a2fe28c0b0, 0x000001a2fe289320, 0x000001a2fe289830, 0x000001a2fe2879d0,
0x000001a2fe286fb0, 0x000001a2fe284c40, 0x000001a2fd438780
}

Java Threads: ( => current thread )
  0x000001a2e232d100 JavaThread "main" [_thread_blocked, id=15952, stack(0x0000005a66200000,0x0000005a66300000)]
  0x000001a2f61b0040 JavaThread "Reference Handler" daemon [_thread_blocked, id=20632, stack(0x0000005a66500000,0x0000005a66600000)]
  0x000001a2f61b11b0 JavaThread "Finalizer" daemon [_thread_blocked, id=10108, stack(0x0000005a66600000,0x0000005a66700000)]
  0x000001a2fb270b70 JavaThread "Signal Dispatcher" daemon [_thread_blocked, id=9996, stack(0x0000005a66700000,0x0000005a66800000)]
  0x000001a2f61be360 JavaThread "Attach Listener" daemon [_thread_blocked, id=13128, stack(0x0000005a66800000,0x0000005a66900000)]
  0x000001a2fb2977d0 JavaThread "Service Thread" daemon [_thread_blocked, id=2136, stack(0x0000005a66900000,0x0000005a66a00000)]
  0x000001a2fb29c0c0 JavaThread "Monitor Deflation Thread" daemon [_thread_blocked, id=2860, stack(0x0000005a66a00000,0x0000005a66b00000)]
=>0x000001a2fb2a0630 JavaThread "C2 CompilerThread0" daemon [_thread_in_native, id=20100, stack(0x0000005a66b00000,0x0000005a66c00000)]
  0x000001a2fb2a16e0 JavaThread "C1 CompilerThread0" daemon [_thread_blocked, id=12028, stack(0x0000005a66c00000,0x0000005a66d00000)]
  0x000001a2fb2a47a0 JavaThread "Sweeper thread" daemon [_thread_blocked, id=7528, stack(0x0000005a66d00000,0x0000005a66e00000)]
  0x000001a2fb3b6c70 JavaThread "Common-Cleaner" daemon [_thread_blocked, id=11360, stack(0x0000005a66e00000,0x0000005a66f00000)]
  0x000001a2fc4aeef0 JavaThread "Notification Thread" daemon [_thread_blocked, id=4876, stack(0x0000005a66f00000,0x0000005a67000000)]
  0x000001a2fc985ed0 JavaThread "Active Thread: Equinox Container: 18ef1ee6-501e-4cb5-87f0-13656b3ddeb1" [_thread_blocked, id=10820, stack(0x0000005a67700000,0x0000005a67800000)]
  0x000001a2fcd50ae0 JavaThread "Framework Event Dispatcher: Equinox Container: 18ef1ee6-501e-4cb5-87f0-13656b3ddeb1" daemon [_thread_blocked, id=13540, stack(0x0000005a67800000,0x0000005a67900000)]
  0x000001a2fca05dd0 JavaThread "Start Level: Equinox Container: 18ef1ee6-501e-4cb5-87f0-13656b3ddeb1" daemon [_thread_blocked, id=20140, stack(0x0000005a67900000,0x0000005a67a00000)]
  0x000001a2fb3643a0 JavaThread "Bundle File Closer" daemon [_thread_blocked, id=17840, stack(0x0000005a67b00000,0x0000005a67c00000)]
  0x000001a2fc610b40 JavaThread "SCR Component Actor" daemon [_thread_blocked, id=12200, stack(0x0000005a67c00000,0x0000005a67d00000)]
  0x000001a2fc611560 JavaThread "Worker-JM" [_thread_blocked, id=19904, stack(0x0000005a67f00000,0x0000005a68000000)]
  0x000001a2fc6129a0 JavaThread "Worker-0: Java indexing... " [_thread_blocked, id=6268, stack(0x0000005a67e00000,0x0000005a67f00000)]
  0x000001a2fc6138d0 JavaThread "Worker-1" [_thread_blocked, id=9992, stack(0x0000005a68000000,0x0000005a68100000)]
  0x000001a2fc6133c0 JavaThread "Worker-2: Initialize Workspace" [_thread_blocked, id=19168, stack(0x0000005a68200000,0x0000005a68300000)]
  0x000001a2fc611a70 JavaThread "Java indexing" daemon [_thread_in_native, id=5608, stack(0x0000005a68300000,0x0000005a68400000)]
  0x000001a2fc611f80 JavaThread "Worker-3" [_thread_blocked, id=3888, stack(0x0000005a68400000,0x0000005a68500000)]
  0x000001a2fc612eb0 JavaThread "JNA Cleaner" daemon [_thread_blocked, id=3756, stack(0x0000005a68500000,0x0000005a68600000)]
  0x000001a2fecbd420 JavaThread "Thread-2" daemon [_thread_in_native, id=25180, stack(0x0000005a68600000,0x0000005a68700000)]
  0x000001a2fecbc4f0 JavaThread "Thread-3" daemon [_thread_in_native, id=14384, stack(0x0000005a68700000,0x0000005a68800000)]
  0x000001a2fecbf790 JavaThread "Thread-4" daemon [_thread_in_native, id=11148, stack(0x0000005a68800000,0x0000005a68900000)]
  0x000001a2fecbd930 JavaThread "Thread-5" daemon [_thread_in_native, id=19784, stack(0x0000005a68900000,0x0000005a68a00000)]
  0x000001a2fecbbfe0 JavaThread "Thread-6" daemon [_thread_in_native, id=24420, stack(0x0000005a68a00000,0x0000005a68b00000)]
  0x000001a2fecbde40 JavaThread "Thread-7" daemon [_thread_in_native, id=17976, stack(0x0000005a68b00000,0x0000005a68c00000)]
  0x000001a2fecbed70 JavaThread "Thread-8" daemon [_thread_in_native, id=20600, stack(0x0000005a68c00000,0x0000005a68d00000)]
  0x000001a2fecbe350 JavaThread "Thread-9" daemon [_thread_in_native, id=22276, stack(0x0000005a68d00000,0x0000005a68e00000)]
  0x000001a2fecbca00 JavaThread "Thread-10" daemon [_thread_in_native, id=7268, stack(0x0000005a68e00000,0x0000005a68f00000)]
  0x000001a2fecbe860 JavaThread "pool-2-thread-1" [_thread_blocked, id=3556, stack(0x0000005a68f00000,0x0000005a69000000)]
  0x000001a2fecbf280 JavaThread "WorkspaceEventsHandler" [_thread_blocked, id=12184, stack(0x0000005a69000000,0x0000005a69100000)]
  0x000001a2fecbcf10 JavaThread "pool-1-thread-1" [_thread_blocked, id=1316, stack(0x0000005a69100000,0x0000005a69200000)]
  0x000001a2fe28c0b0 JavaThread "Worker-4" [_thread_blocked, id=9316, stack(0x0000005a68100000,0x0000005a68200000)]
  0x000001a2fe289320 JavaThread "ParallelDescriptorResolver-1-0" daemon [_thread_blocked, id=18096, stack(0x0000005a69300000,0x0000005a69400000)]
  0x000001a2fe289830 JavaThread "ParallelDescriptorResolver-1-1" daemon [_thread_blocked, id=21692, stack(0x0000005a69400000,0x0000005a69500000)]
  0x000001a2fe2879d0 JavaThread "ParallelDescriptorResolver-1-2" daemon [_thread_blocked, id=7564, stack(0x0000005a69500000,0x0000005a69600000)]
  0x000001a2fe286fb0 JavaThread "ParallelDescriptorResolver-1-3" daemon [_thread_in_native, id=24792, stack(0x0000005a69600000,0x0000005a69700000)]
  0x000001a2fe284c40 JavaThread "ParallelDescriptorResolver-1-4" daemon [_thread_blocked, id=14248, stack(0x0000005a69700000,0x0000005a69800000)]
  0x000001a2fd438780 JavaThread "C2 CompilerThread1" daemon [_thread_in_native, id=25460, stack(0x0000005a67d00000,0x0000005a67e00000)]

Other Threads:
  0x000001a2fb2614b0 VMThread "VM Thread" [stack: 0x0000005a66400000,0x0000005a66500000] [id=11624]
  0x000001a2fb5e6320 WatcherThread [stack: 0x0000005a67000000,0x0000005a67100000] [id=7128]
  0x000001a2e2343a30 GCTaskThread "GC Thread#0" [stack: 0x0000005a66300000,0x0000005a66400000] [id=1660]
  0x000001a2fc8de7a0 GCTaskThread "GC Thread#1" [stack: 0x0000005a67100000,0x0000005a67200000] [id=18964]
  0x000001a2fc8e05a0 GCTaskThread "GC Thread#2" [stack: 0x0000005a67200000,0x0000005a67300000] [id=4088]
  0x000001a2fc8e0860 GCTaskThread "GC Thread#3" [stack: 0x0000005a67300000,0x0000005a67400000] [id=16624]
  0x000001a2fc8e0b20 GCTaskThread "GC Thread#4" [stack: 0x0000005a67400000,0x0000005a67500000] [id=5468]
  0x000001a2fc8e11e0 GCTaskThread "GC Thread#5" [stack: 0x0000005a67500000,0x0000005a67600000] [id=2876]
  0x000001a2fc8e14a0 GCTaskThread "GC Thread#6" [stack: 0x0000005a67600000,0x0000005a67700000] [id=12928]
  0x000001a2fb42f500 GCTaskThread "GC Thread#7" [stack: 0x0000005a67a00000,0x0000005a67b00000] [id=14796]

Threads with active compile tasks:
C2 CompilerThread0    49353 10929       4       org.apache.maven.repository.internal.ArtifactDescriptorReaderDelegate::convert (205 bytes)
C2 CompilerThread1    49353 10930       4       org.eclipse.aether.internal.impl.collect.CachingArtifactTypeRegistry::get (43 bytes)

VM state: not at safepoint (normal execution)

VM Mutex/Monitor currently owned by a thread: None

Heap address: 0x00000000c0000000, size: 1024 MB, Compressed Oops mode: 32-bit

CDS archive(s) not mapped
Compressed class space mapped at: 0x0000000100000000-0x0000000140000000, reserved size: 1073741824
Narrow klass base: 0x0000000000000000, Narrow klass shift: 3, Narrow klass range: 0x140000000

GC Precious Log:
 CPUs: 8 total, 8 available
 Memory: 7957M
 Large Page Support: Disabled
 NUMA Support: Disabled
 Compressed Oops: Enabled (32-bit)
 Alignments: Space 512K, Generation 512K, Heap 2M
 Heap Min Capacity: 100M
 Heap Initial Capacity: 100M
 Heap Max Capacity: 1G
 Pre-touch: Disabled
 Parallel Workers: 8

Heap:
 PSYoungGen      total 17920K, used 9443K [0x00000000eab00000, 0x00000000ec200000, 0x0000000100000000)
  eden space 12800K, 33% used [0x00000000eab00000,0x00000000eaf39e28,0x00000000eb780000)
  from space 5120K, 99% used [0x00000000eb800000,0x00000000ebcfefe0,0x00000000ebd00000)
  to   space 4608K, 0% used [0x00000000ebd80000,0x00000000ebd80000,0x00000000ec200000)
 ParOldGen       total 363520K, used 324277K [0x00000000c0000000, 0x00000000d6300000, 0x00000000eab00000)
  object space 363520K, 89% used [0x00000000c0000000,0x00000000d3cad7f8,0x00000000d6300000)
 Metaspace       used 68292K, committed 69376K, reserved 1114112K
  class space    used 7374K, committed 7872K, reserved 1048576K

Card table byte_map: [0x000001a2e1cc0000,0x000001a2e1ed0000] _byte_map_base: 0x000001a2e16c0000

Marking Bits: (ParMarkBitMap*) 0x00007ff9257b58b0
 Begin Bits: [0x000001a2f3fc0000, 0x000001a2f4fc0000)
 End Bits:   [0x000001a2f4fc0000, 0x000001a2f5fc0000)

Polling page: 0x000001a2e0250000

Metaspace:

Usage:
  Non-class:     59.49 MB used.
      Class:      7.20 MB used.
       Both:     66.69 MB used.

Virtual space:
  Non-class space:       64.00 MB reserved,      60.06 MB ( 94%) committed,  1 nodes.
      Class space:        1.00 GB reserved,       7.69 MB ( <1%) committed,  1 nodes.
             Both:        1.06 GB reserved,      67.75 MB (  6%) committed. 

Chunk freelists:
   Non-Class:  3.33 MB
       Class:  8.32 MB
        Both:  11.65 MB

MaxMetaspaceSize: unlimited
CompressedClassSpaceSize: 1.00 GB
Initial GC threshold: 21.00 MB
Current GC threshold: 107.75 MB
CDS: off
MetaspaceReclaimPolicy: balanced
 - commit_granule_bytes: 65536.
 - commit_granule_words: 8192.
 - virtual_space_node_default_size: 8388608.
 - enlarge_chunks_in_place: 1.
 - new_chunks_are_fully_committed: 0.
 - uncommit_free_chunks: 1.
 - use_allocation_guard: 0.
 - handle_deallocations: 1.


Internal statistics:

num_allocs_failed_limit: 9.
num_arena_births: 774.
num_arena_deaths: 56.
num_vsnodes_births: 2.
num_vsnodes_deaths: 0.
num_space_committed: 1084.
num_space_uncommitted: 0.
num_chunks_returned_to_freelist: 81.
num_chunks_taken_from_freelist: 3362.
num_chunk_merges: 14.
num_chunk_splits: 2066.
num_chunks_enlarged: 1256.
num_inconsistent_stats: 0.

CodeHeap 'non-profiled nmethods': size=120000Kb used=5988Kb max_used=6893Kb free=114012Kb
 bounds [0x000001a2eca90000, 0x000001a2ed150000, 0x000001a2f3fc0000]
CodeHeap 'profiled nmethods': size=120000Kb used=17976Kb max_used=19295Kb free=102023Kb
 bounds [0x000001a2e4fc0000, 0x000001a2e62a0000, 0x000001a2ec4f0000]
CodeHeap 'non-nmethods': size=5760Kb used=1393Kb max_used=1459Kb free=4366Kb
 bounds [0x000001a2ec4f0000, 0x000001a2ec760000, 0x000001a2eca90000]
 total_blobs=9618 nmethods=8891 adapters=641
 compilation: enabled
              stopped_count=0, restarted_count=0
 full_count=0

Compilation events (20 events):
Event: 49.235 Thread 0x000001a2fb2a16e0 10940       3       java.nio.file.Path::toFile (36 bytes)
Event: 49.235 Thread 0x000001a2fb2a16e0 nmethod 10940 0x000001a2e5d6da10 code [0x000001a2e5d6dc20, 0x000001a2e5d6e298]
Event: 49.235 Thread 0x000001a2fb2a16e0 10941       1       org.apache.maven.model.ReportPlugin::setReportSets (6 bytes)
Event: 49.235 Thread 0x000001a2fb2a16e0 nmethod 10941 0x000001a2ece3fb10 code [0x000001a2ece3fca0, 0x000001a2ece3fd78]
Event: 49.244 Thread 0x000001a2fb2a16e0 10942       1       org.apache.maven.model.Reporting::setPlugins (6 bytes)
Event: 49.244 Thread 0x000001a2fb2a16e0 nmethod 10942 0x000001a2ece3f590 code [0x000001a2ece3f720, 0x000001a2ece3f7f8]
Event: 49.244 Thread 0x000001a2fb2a16e0 10943       3       org.apache.maven.model.Activation::<init> (10 bytes)
Event: 49.244 Thread 0x000001a2fb2a16e0 nmethod 10943 0x000001a2e51f8c10 code [0x000001a2e51f8da0, 0x000001a2e51f8f18]
Event: 49.245 Thread 0x000001a2fb2a16e0 10944       3       java.util.regex.Pattern::group0 (1097 bytes)
Event: 49.250 Thread 0x000001a2fb2a16e0 nmethod 10944 0x000001a2e5d5c590 code [0x000001a2e5d5cd60, 0x000001a2e5d61308]
Event: 49.268 Thread 0x000001a2fb2a16e0 10946       3       java.lang.reflect.Method::setMethodAccessor (21 bytes)
Event: 49.268 Thread 0x000001a2fb2a16e0 nmethod 10946 0x000001a2e5c09410 code [0x000001a2e5c095c0, 0x000001a2e5c09828]
Event: 49.268 Thread 0x000001a2fb2a16e0 10945       1       jdk.internal.reflect.NativeMethodAccessorImpl::setParent (6 bytes)
Event: 49.268 Thread 0x000001a2fb2a16e0 nmethod 10945 0x000001a2ed0e7690 code [0x000001a2ed0e7820, 0x000001a2ed0e78f8]
Event: 49.283 Thread 0x000001a2fb2a16e0 10947       3       org.apache.maven.model.interpolation.StringVisitorModelInterpolator$ModelVisitor::visit (42 bytes)
Event: 49.284 Thread 0x000001a2fb2a16e0 nmethod 10947 0x000001a2e5c9e190 code [0x000001a2e5c9e3a0, 0x000001a2e5c9ec38]
Event: 49.284 Thread 0x000001a2fb2a16e0 10948       3       org.eclipse.aether.util.graph.selector.ExclusionDependencySelector::selectDependency (57 bytes)
Event: 49.284 Thread 0x000001a2fd438780 nmethod 10938 0x000001a2ed06ae10 code [0x000001a2ed06b080, 0x000001a2ed06cd80]
Event: 49.284 Thread 0x000001a2fd438780 10930       4       org.eclipse.aether.internal.impl.collect.CachingArtifactTypeRegistry::get (43 bytes)
Event: 49.284 Thread 0x000001a2fb2a16e0 nmethod 10948 0x000001a2e54ea210 code [0x000001a2e54ea3e0, 0x000001a2e54ea818]

GC Heap History (20 events):
Event: 47.719 GC heap before
{Heap before GC invocations=209 (full 14):
 PSYoungGen      total 13824K, used 13632K [0x00000000eab00000, 0x00000000ec200000, 0x0000000100000000)
  eden space 9216K, 100% used [0x00000000eab00000,0x00000000eb400000,0x00000000eb400000)
  from space 4608K, 95% used [0x00000000ebd80000,0x00000000ec1d0000,0x00000000ec200000)
  to   space 6656K, 0% used [0x00000000eb500000,0x00000000eb500000,0x00000000ebb80000)
 ParOldGen       total 363520K, used 309015K [0x00000000c0000000, 0x00000000d6300000, 0x00000000eab00000)
  object space 363520K, 85% used [0x00000000c0000000,0x00000000d2dc5f88,0x00000000d6300000)
 Metaspace       used 65233K, committed 66304K, reserved 1114112K
  class space    used 7012K, committed 7488K, reserved 1048576K
}
Event: 47.726 GC heap after
{Heap after GC invocations=209 (full 14):
 PSYoungGen      total 15872K, used 6528K [0x00000000eab00000, 0x00000000ec200000, 0x0000000100000000)
  eden space 9216K, 0% used [0x00000000eab00000,0x00000000eab00000,0x00000000eb400000)
  from space 6656K, 98% used [0x00000000eb500000,0x00000000ebb60000,0x00000000ebb80000)
  to   space 6656K, 0% used [0x00000000ebb80000,0x00000000ebb80000,0x00000000ec200000)
 ParOldGen       total 363520K, used 309023K [0x00000000c0000000, 0x00000000d6300000, 0x00000000eab00000)
  object space 363520K, 85% used [0x00000000c0000000,0x00000000d2dc7f88,0x00000000d6300000)
 Metaspace       used 65233K, committed 66304K, reserved 1114112K
  class space    used 7012K, committed 7488K, reserved 1048576K
}
Event: 47.840 GC heap before
{Heap before GC invocations=210 (full 14):
 PSYoungGen      total 15872K, used 15744K [0x00000000eab00000, 0x00000000ec200000, 0x0000000100000000)
  eden space 9216K, 100% used [0x00000000eab00000,0x00000000eb400000,0x00000000eb400000)
  from space 6656K, 98% used [0x00000000eb500000,0x00000000ebb60000,0x00000000ebb80000)
  to   space 6656K, 0% used [0x00000000ebb80000,0x00000000ebb80000,0x00000000ec200000)
 ParOldGen       total 363520K, used 309041K [0x00000000c0000000, 0x00000000d6300000, 0x00000000eab00000)
  object space 363520K, 85% used [0x00000000c0000000,0x00000000d2dcc660,0x00000000d6300000)
 Metaspace       used 66081K, committed 67136K, reserved 1114112K
  class space    used 7112K, committed 7616K, reserved 1048576K
}
Event: 47.848 GC heap after
{Heap after GC invocations=210 (full 14):
 PSYoungGen      total 15872K, used 6656K [0x00000000eab00000, 0x00000000ec200000, 0x0000000100000000)
  eden space 9216K, 0% used [0x00000000eab00000,0x00000000eab00000,0x00000000eb400000)
  from space 6656K, 100% used [0x00000000ebb80000,0x00000000ec200000,0x00000000ec200000)
  to   space 7168K, 0% used [0x00000000eb400000,0x00000000eb400000,0x00000000ebb00000)
 ParOldGen       total 363520K, used 309057K [0x00000000c0000000, 0x00000000d6300000, 0x00000000eab00000)
  object space 363520K, 85% used [0x00000000c0000000,0x00000000d2dd0660,0x00000000d6300000)
 Metaspace       used 66081K, committed 67136K, reserved 1114112K
  class space    used 7112K, committed 7616K, reserved 1048576K
}
Event: 48.033 GC heap before
{Heap before GC invocations=211 (full 14):
 PSYoungGen      total 15872K, used 15871K [0x00000000eab00000, 0x00000000ec200000, 0x0000000100000000)
  eden space 9216K, 99% used [0x00000000eab00000,0x00000000eb3ffff0,0x00000000eb400000)
  from space 6656K, 100% used [0x00000000ebb80000,0x00000000ec200000,0x00000000ec200000)
  to   space 7168K, 0% used [0x00000000eb400000,0x00000000eb400000,0x00000000ebb00000)
 ParOldGen       total 363520K, used 309057K [0x00000000c0000000, 0x00000000d6300000, 0x00000000eab00000)
  object space 363520K, 85% used [0x00000000c0000000,0x00000000d2dd0660,0x00000000d6300000)
 Metaspace       used 66227K, committed 67264K, reserved 1114112K
  class space    used 7121K, committed 7616K, reserved 1048576K
}
Event: 48.039 GC heap after
{Heap after GC invocations=211 (full 14):
 PSYoungGen      total 16384K, used 7160K [0x00000000eab00000, 0x00000000ec400000, 0x0000000100000000)
  eden space 9216K, 0% used [0x00000000eab00000,0x00000000eab00000,0x00000000eb400000)
  from space 7168K, 99% used [0x00000000eb400000,0x00000000ebafe2c8,0x00000000ebb00000)
  to   space 8192K, 0% used [0x00000000ebc00000,0x00000000ebc00000,0x00000000ec400000)
 ParOldGen       total 363520K, used 309473K [0x00000000c0000000, 0x00000000d6300000, 0x00000000eab00000)
  object space 363520K, 85% used [0x00000000c0000000,0x00000000d2e38660,0x00000000d6300000)
 Metaspace       used 66227K, committed 67264K, reserved 1114112K
  class space    used 7121K, committed 7616K, reserved 1048576K
}
Event: 48.107 GC heap before
{Heap before GC invocations=212 (full 14):
 PSYoungGen      total 16384K, used 16376K [0x00000000eab00000, 0x00000000ec400000, 0x0000000100000000)
  eden space 9216K, 100% used [0x00000000eab00000,0x00000000eb400000,0x00000000eb400000)
  from space 7168K, 99% used [0x00000000eb400000,0x00000000ebafe2c8,0x00000000ebb00000)
  to   space 8192K, 0% used [0x00000000ebc00000,0x00000000ebc00000,0x00000000ec400000)
 ParOldGen       total 363520K, used 309473K [0x00000000c0000000, 0x00000000d6300000, 0x00000000eab00000)
  object space 363520K, 85% used [0x00000000c0000000,0x00000000d2e38660,0x00000000d6300000)
 Metaspace       used 66381K, committed 67456K, reserved 1114112K
  class space    used 7149K, committed 7680K, reserved 1048576K
}
Event: 48.115 GC heap after
{Heap after GC invocations=212 (full 14):
 PSYoungGen      total 13824K, used 3512K [0x00000000eab00000, 0x00000000ebf80000, 0x0000000100000000)
  eden space 10240K, 0% used [0x00000000eab00000,0x00000000eab00000,0x00000000eb500000)
  from space 3584K, 98% used [0x00000000ebc00000,0x00000000ebf6e370,0x00000000ebf80000)
  to   space 5120K, 0% used [0x00000000eb580000,0x00000000eb580000,0x00000000eba80000)
 ParOldGen       total 363520K, used 315380K [0x00000000c0000000, 0x00000000d6300000, 0x00000000eab00000)
  object space 363520K, 86% used [0x00000000c0000000,0x00000000d33fd3f0,0x00000000d6300000)
 Metaspace       used 66381K, committed 67456K, reserved 1114112K
  class space    used 7149K, committed 7680K, reserved 1048576K
}
Event: 48.156 GC heap before
{Heap before GC invocations=213 (full 14):
 PSYoungGen      total 13824K, used 13738K [0x00000000eab00000, 0x00000000ebf80000, 0x0000000100000000)
  eden space 10240K, 99% used [0x00000000eab00000,0x00000000eb4fc5b0,0x00000000eb500000)
  from space 3584K, 98% used [0x00000000ebc00000,0x00000000ebf6e370,0x00000000ebf80000)
  to   space 5120K, 0% used [0x00000000eb580000,0x00000000eb580000,0x00000000eba80000)
 ParOldGen       total 363520K, used 315380K [0x00000000c0000000, 0x00000000d6300000, 0x00000000eab00000)
  object space 363520K, 86% used [0x00000000c0000000,0x00000000d33fd3f0,0x00000000d6300000)
 Metaspace       used 66390K, committed 67456K, reserved 1114112K
  class space    used 7150K, committed 7680K, reserved 1048576K
}
Event: 48.162 GC heap after
{Heap after GC invocations=213 (full 14):
 PSYoungGen      total 15872K, used 5095K [0x00000000eab00000, 0x00000000ecf00000, 0x0000000100000000)
  eden space 10752K, 0% used [0x00000000eab00000,0x00000000eab00000,0x00000000eb580000)
  from space 5120K, 99% used [0x00000000eb580000,0x00000000eba79d08,0x00000000eba80000)
  to   space 12800K, 0% used [0x00000000ec280000,0x00000000ec280000,0x00000000ecf00000)
 ParOldGen       total 363520K, used 321319K [0x00000000c0000000, 0x00000000d6300000, 0x00000000eab00000)
  object space 363520K, 88% used [0x00000000c0000000,0x00000000d39c9fc8,0x00000000d6300000)
 Metaspace       used 66390K, committed 67456K, reserved 1114112K
  class space    used 7150K, committed 7680K, reserved 1048576K
}
Event: 48.216 GC heap before
{Heap before GC invocations=214 (full 14):
 PSYoungGen      total 15872K, used 15847K [0x00000000eab00000, 0x00000000ecf00000, 0x0000000100000000)
  eden space 10752K, 100% used [0x00000000eab00000,0x00000000eb580000,0x00000000eb580000)
  from space 5120K, 99% used [0x00000000eb580000,0x00000000eba79d08,0x00000000eba80000)
  to   space 12800K, 0% used [0x00000000ec280000,0x00000000ec280000,0x00000000ecf00000)
 ParOldGen       total 363520K, used 321319K [0x00000000c0000000, 0x00000000d6300000, 0x00000000eab00000)
  object space 363520K, 88% used [0x00000000c0000000,0x00000000d39c9fc8,0x00000000d6300000)
 Metaspace       used 66434K, committed 67456K, reserved 1114112K
  class space    used 7151K, committed 7680K, reserved 1048576K
}
Event: 48.222 GC heap after
{Heap after GC invocations=214 (full 14):
 PSYoungGen      total 18944K, used 7079K [0x00000000eab00000, 0x00000000ec980000, 0x0000000100000000)
  eden space 11776K, 0% used [0x00000000eab00000,0x00000000eab00000,0x00000000eb680000)
  from space 7168K, 98% used [0x00000000ec280000,0x00000000ec969d60,0x00000000ec980000)
  to   space 8704K, 0% used [0x00000000eb880000,0x00000000eb880000,0x00000000ec100000)
 ParOldGen       total 363520K, used 322364K [0x00000000c0000000, 0x00000000d6300000, 0x00000000eab00000)
  object space 363520K, 88% used [0x00000000c0000000,0x00000000d3acf1f0,0x00000000d6300000)
 Metaspace       used 66434K, committed 67456K, reserved 1114112K
  class space    used 7151K, committed 7680K, reserved 1048576K
}
Event: 48.450 GC heap before
{Heap before GC invocations=215 (full 14):
 PSYoungGen      total 18944K, used 18855K [0x00000000eab00000, 0x00000000ec980000, 0x0000000100000000)
  eden space 11776K, 100% used [0x00000000eab00000,0x00000000eb680000,0x00000000eb680000)
  from space 7168K, 98% used [0x00000000ec280000,0x00000000ec969d60,0x00000000ec980000)
  to   space 8704K, 0% used [0x00000000eb880000,0x00000000eb880000,0x00000000ec100000)
 ParOldGen       total 363520K, used 322364K [0x00000000c0000000, 0x00000000d6300000, 0x00000000eab00000)
  object space 363520K, 88% used [0x00000000c0000000,0x00000000d3acf1f0,0x00000000d6300000)
 Metaspace       used 66684K, committed 67840K, reserved 1114112K
  class space    used 7187K, committed 7744K, reserved 1048576K
}
Event: 48.455 GC heap after
{Heap after GC invocations=215 (full 14):
 PSYoungGen      total 17408K, used 4296K [0x00000000eab00000, 0x00000000ec300000, 0x0000000100000000)
  eden space 12800K, 0% used [0x00000000eab00000,0x00000000eab00000,0x00000000eb780000)
  from space 4608K, 93% used [0x00000000eb880000,0x00000000ebcb2028,0x00000000ebd00000)
  to   space 5632K, 0% used [0x00000000ebd80000,0x00000000ebd80000,0x00000000ec300000)
 ParOldGen       total 363520K, used 322372K [0x00000000c0000000, 0x00000000d6300000, 0x00000000eab00000)
  object space 363520K, 88% used [0x00000000c0000000,0x00000000d3ad11f0,0x00000000d6300000)
 Metaspace       used 66684K, committed 67840K, reserved 1114112K
  class space    used 7187K, committed 7744K, reserved 1048576K
}
Event: 48.696 GC heap before
{Heap before GC invocations=216 (full 14):
 PSYoungGen      total 17408K, used 17096K [0x00000000eab00000, 0x00000000ec300000, 0x0000000100000000)
  eden space 12800K, 100% used [0x00000000eab00000,0x00000000eb780000,0x00000000eb780000)
  from space 4608K, 93% used [0x00000000eb880000,0x00000000ebcb2028,0x00000000ebd00000)
  to   space 5632K, 0% used [0x00000000ebd80000,0x00000000ebd80000,0x00000000ec300000)
 ParOldGen       total 363520K, used 322372K [0x00000000c0000000, 0x00000000d6300000, 0x00000000eab00000)
  object space 363520K, 88% used [0x00000000c0000000,0x00000000d3ad11f0,0x00000000d6300000)
 Metaspace       used 66979K, committed 68096K, reserved 1114112K
  class space    used 7244K, committed 7808K, reserved 1048576K
}
Event: 48.699 GC heap after
{Heap after GC invocations=216 (full 14):
 PSYoungGen      total 17408K, used 4488K [0x00000000eab00000, 0x00000000ec200000, 0x0000000100000000)
  eden space 12800K, 0% used [0x00000000eab00000,0x00000000eab00000,0x00000000eb780000)
  from space 4608K, 97% used [0x00000000ebd80000,0x00000000ec1e2058,0x00000000ec200000)
  to   space 5120K, 0% used [0x00000000eb800000,0x00000000eb800000,0x00000000ebd00000)
 ParOldGen       total 363520K, used 322380K [0x00000000c0000000, 0x00000000d6300000, 0x00000000eab00000)
  object space 363520K, 88% used [0x00000000c0000000,0x00000000d3ad31f0,0x00000000d6300000)
 Metaspace       used 66979K, committed 68096K, reserved 1114112K
  class space    used 7244K, committed 7808K, reserved 1048576K
}
Event: 48.901 GC heap before
{Heap before GC invocations=217 (full 14):
 PSYoungGen      total 17408K, used 17288K [0x00000000eab00000, 0x00000000ec200000, 0x0000000100000000)
  eden space 12800K, 100% used [0x00000000eab00000,0x00000000eb780000,0x00000000eb780000)
  from space 4608K, 97% used [0x00000000ebd80000,0x00000000ec1e2058,0x00000000ec200000)
  to   space 5120K, 0% used [0x00000000eb800000,0x00000000eb800000,0x00000000ebd00000)
 ParOldGen       total 363520K, used 322380K [0x00000000c0000000, 0x00000000d6300000, 0x00000000eab00000)
  object space 363520K, 88% used [0x00000000c0000000,0x00000000d3ad31f0,0x00000000d6300000)
 Metaspace       used 67325K, committed 68416K, reserved 1114112K
  class space    used 7274K, committed 7808K, reserved 1048576K
}
Event: 48.906 GC heap after
{Heap after GC invocations=217 (full 14):
 PSYoungGen      total 17920K, used 5096K [0x00000000eab00000, 0x00000000ec380000, 0x0000000100000000)
  eden space 12800K, 0% used [0x00000000eab00000,0x00000000eab00000,0x00000000eb780000)
  from space 5120K, 99% used [0x00000000eb800000,0x00000000ebcfa048,0x00000000ebd00000)
  to   space 6144K, 0% used [0x00000000ebd80000,0x00000000ebd80000,0x00000000ec380000)
 ParOldGen       total 363520K, used 322817K [0x00000000c0000000, 0x00000000d6300000, 0x00000000eab00000)
  object space 363520K, 88% used [0x00000000c0000000,0x00000000d3b404a8,0x00000000d6300000)
 Metaspace       used 67325K, committed 68416K, reserved 1114112K
  class space    used 7274K, committed 7808K, reserved 1048576K
}
Event: 49.155 GC heap before
{Heap before GC invocations=218 (full 14):
 PSYoungGen      total 17920K, used 17896K [0x00000000eab00000, 0x00000000ec380000, 0x0000000100000000)
  eden space 12800K, 100% used [0x00000000eab00000,0x00000000eb780000,0x00000000eb780000)
  from space 5120K, 99% used [0x00000000eb800000,0x00000000ebcfa048,0x00000000ebd00000)
  to   space 6144K, 0% used [0x00000000ebd80000,0x00000000ebd80000,0x00000000ec380000)
 ParOldGen       total 363520K, used 322817K [0x00000000c0000000, 0x00000000d6300000, 0x00000000eab00000)
  object space 363520K, 88% used [0x00000000c0000000,0x00000000d3b404a8,0x00000000d6300000)
 Metaspace       used 67630K, committed 68736K, reserved 1114112K
  class space    used 7309K, committed 7872K, reserved 1048576K
}
Event: 49.161 GC heap after
{Heap after GC invocations=218 (full 14):
 PSYoungGen      total 17408K, used 4296K [0x00000000eab00000, 0x00000000ec200000, 0x0000000100000000)
  eden space 12800K, 0% used [0x00000000eab00000,0x00000000eab00000,0x00000000eb780000)
  from space 4608K, 93% used [0x00000000ebd80000,0x00000000ec1b2018,0x00000000ec200000)
  to   space 5120K, 0% used [0x00000000eb800000,0x00000000eb800000,0x00000000ebd00000)
 ParOldGen       total 363520K, used 323925K [0x00000000c0000000, 0x00000000d6300000, 0x00000000eab00000)
  object space 363520K, 89% used [0x00000000c0000000,0x00000000d3c557f8,0x00000000d6300000)
 Metaspace       used 67630K, committed 68736K, reserved 1114112K
  class space    used 7309K, committed 7872K, reserved 1048576K
}

Dll operation events (14 events):
Event: 0.013 Loaded shared library c:\Users\navneet raj\.vscode\extensions\redhat.java-1.34.0-win32-x64\jre\17.0.12-win32-x86_64\bin\java.dll
Event: 0.257 Loaded shared library c:\Users\navneet raj\.vscode\extensions\redhat.java-1.34.0-win32-x64\jre\17.0.12-win32-x86_64\bin\zip.dll
Event: 0.276 Loaded shared library C:\Users\navneet raj\.vscode\extensions\redhat.java-1.34.0-win32-x64\jre\17.0.12-win32-x86_64\bin\instrument.dll
Event: 0.329 Loaded shared library C:\Users\navneet raj\.vscode\extensions\redhat.java-1.34.0-win32-x64\jre\17.0.12-win32-x86_64\bin\net.dll
Event: 0.331 Loaded shared library C:\Users\navneet raj\.vscode\extensions\redhat.java-1.34.0-win32-x64\jre\17.0.12-win32-x86_64\bin\nio.dll
Event: 0.351 Loaded shared library C:\Users\navneet raj\.vscode\extensions\redhat.java-1.34.0-win32-x64\jre\17.0.12-win32-x86_64\bin\zip.dll
Event: 0.383 Loaded shared library C:\Users\navneet raj\.vscode\extensions\redhat.java-1.34.0-win32-x64\jre\17.0.12-win32-x86_64\bin\jimage.dll
Event: 0.472 Loaded shared library c:\Users\navneet raj\.vscode\extensions\redhat.java-1.34.0-win32-x64\jre\17.0.12-win32-x86_64\bin\verify.dll
Event: 6.806 Loaded shared library C:\Users\navneet raj\AppData\Roaming\Code\User\globalStorage\redhat.java\1.34.0\config_win\org.eclipse.equinox.launcher\org.eclipse.equinox.launcher.win32.win32.x86_64_1.2.1100.v20240722-2106\eclipse_11904.dll
Event: 19.662 Loaded shared library C:\Users\navneet raj\.vscode\extensions\redhat.java-1.34.0-win32-x64\jre\17.0.12-win32-x86_64\bin\management.dll
Event: 19.666 Loaded shared library C:\Users\navneet raj\.vscode\extensions\redhat.java-1.34.0-win32-x64\jre\17.0.12-win32-x86_64\bin\management_ext.dll
Event: 21.826 Loaded shared library C:\Users\navneet raj\AppData\Local\Temp\jna-369549252\jna15185551549927728294.dll
Event: 23.904 Loaded shared library C:\Users\navneet raj\.vscode\extensions\redhat.java-1.34.0-win32-x64\jre\17.0.12-win32-x86_64\bin\sunmscapi.dll
Event: 24.491 Loaded shared library C:\Users\navneet raj\.vscode\extensions\redhat.java-1.34.0-win32-x64\jre\17.0.12-win32-x86_64\bin\extnet.dll

Deoptimization events (20 events):
Event: 48.394 Thread 0x000001a2fc611a70 Uncommon trap: trap_request=0xffffffc6 fr.pc=0x000001a2ed129dd0 relative=0x0000000000000330
Event: 48.394 Thread 0x000001a2fc611a70 Uncommon trap: reason=bimorphic_or_optimized_type_check action=maybe_recompile pc=0x000001a2ed129dd0 method=java.io.InputStream.read([B)I @ 5 c2
Event: 48.394 Thread 0x000001a2fc611a70 DEOPT PACKING pc=0x000001a2ed129dd0 sp=0x0000005a683fe400
Event: 48.395 Thread 0x000001a2fc611a70 DEOPT UNPACKING pc=0x000001a2ec549ea3 sp=0x0000005a683fe3c8 mode 2
Event: 48.430 Thread 0x000001a2fc611a70 DEOPT PACKING pc=0x000001a2e50364bf sp=0x0000005a683f9090
Event: 48.430 Thread 0x000001a2fc611a70 DEOPT UNPACKING pc=0x000001a2ec54a9e3 sp=0x0000005a683f8598 mode 0
Event: 48.636 Thread 0x000001a2fc611a70 DEOPT PACKING pc=0x000001a2e577a545 sp=0x0000005a683f9a10
Event: 48.636 Thread 0x000001a2fc611a70 DEOPT UNPACKING pc=0x000001a2ec54a9e3 sp=0x0000005a683f8ec0 mode 0
Event: 48.671 Thread 0x000001a2fc611a70 DEOPT PACKING pc=0x000001a2e577a545 sp=0x0000005a683f9a10
Event: 48.671 Thread 0x000001a2fc611a70 DEOPT UNPACKING pc=0x000001a2ec54a9e3 sp=0x0000005a683f8ec0 mode 0
Event: 48.672 Thread 0x000001a2fc611a70 DEOPT PACKING pc=0x000001a2e50364bf sp=0x0000005a683f83e0
Event: 48.672 Thread 0x000001a2fc611a70 DEOPT UNPACKING pc=0x000001a2ec54a9e3 sp=0x0000005a683f78e8 mode 0
Event: 48.684 Thread 0x000001a2fc611a70 DEOPT PACKING pc=0x000001a2e577a545 sp=0x0000005a683f9a10
Event: 48.684 Thread 0x000001a2fc611a70 DEOPT UNPACKING pc=0x000001a2ec54a9e3 sp=0x0000005a683f8ec0 mode 0
Event: 48.869 Thread 0x000001a2fe289830 DEOPT PACKING pc=0x000001a2e62722c5 sp=0x0000005a694fdea0
Event: 48.869 Thread 0x000001a2fe289830 DEOPT UNPACKING pc=0x000001a2ec54a9e3 sp=0x0000005a694fd488 mode 0
Event: 48.898 Thread 0x000001a2fc611a70 DEOPT PACKING pc=0x000001a2e50364bf sp=0x0000005a683fbaa0
Event: 48.898 Thread 0x000001a2fc611a70 DEOPT UNPACKING pc=0x000001a2ec54a9e3 sp=0x0000005a683fafa8 mode 0
Event: 49.213 Thread 0x000001a2fc611a70 DEOPT PACKING pc=0x000001a2e50364bf sp=0x0000005a683f9b70
Event: 49.213 Thread 0x000001a2fc611a70 DEOPT UNPACKING pc=0x000001a2ec54a9e3 sp=0x0000005a683f9078 mode 0

Classes loaded (20 events):
Event: 29.958 Loading class sun/security/ssl/Alert$AlertConsumer
Event: 29.958 Loading class sun/security/ssl/Alert$AlertConsumer done
Event: 29.958 Loading class sun/security/ssl/Alert$Level
Event: 29.958 Loading class sun/security/ssl/Alert$Level done
Event: 33.479 Loading class java/util/LinkedList$LLSpliterator
Event: 33.479 Loading class java/util/LinkedList$LLSpliterator done
Event: 33.826 Loading class sun/nio/cs/ISO_8859_1$Decoder
Event: 33.828 Loading class sun/nio/cs/ISO_8859_1$Decoder done
Event: 36.998 Loading class java/lang/invoke/MethodHandleImpl$CountingWrapper$1
Event: 36.999 Loading class java/lang/invoke/MethodHandleImpl$CountingWrapper$1 done
Event: 49.287 Loading class java/util/stream/ReferencePipeline$4
Event: 49.287 Loading class java/util/stream/ReferencePipeline$4 done
Event: 49.287 Loading class java/util/stream/Nodes$IntFixedNodeBuilder
Event: 49.287 Loading class java/util/stream/Node$Builder$OfInt
Event: 49.288 Loading class java/util/stream/Node$Builder$OfInt done
Event: 49.288 Loading class java/util/stream/Nodes$IntArrayNode
Event: 49.288 Loading class java/util/stream/Nodes$IntArrayNode done
Event: 49.288 Loading class java/util/stream/Nodes$IntFixedNodeBuilder done
Event: 49.288 Loading class java/util/stream/ReferencePipeline$4$1
Event: 49.288 Loading class java/util/stream/ReferencePipeline$4$1 done

Classes unloaded (20 events):
Event: 21.625 Thread 0x000001a2fb2614b0 Unloading class 0x0000000100386c00 'java/lang/invoke/LambdaForm$MH+0x0000000100386c00'
Event: 21.625 Thread 0x000001a2fb2614b0 Unloading class 0x0000000100386000 'java/lang/invoke/LambdaForm$MH+0x0000000100386000'
Event: 21.625 Thread 0x000001a2fb2614b0 Unloading class 0x0000000100385800 'java/lang/invoke/LambdaForm$MH+0x0000000100385800'
Event: 21.625 Thread 0x000001a2fb2614b0 Unloading class 0x0000000100385000 'java/lang/invoke/LambdaForm$MH+0x0000000100385000'
Event: 21.625 Thread 0x000001a2fb2614b0 Unloading class 0x0000000100384800 'java/lang/invoke/LambdaForm$MH+0x0000000100384800'
Event: 21.625 Thread 0x000001a2fb2614b0 Unloading class 0x0000000100384000 'java/lang/invoke/LambdaForm$MH+0x0000000100384000'
Event: 21.625 Thread 0x000001a2fb2614b0 Unloading class 0x0000000100383800 'java/lang/invoke/LambdaForm$MH+0x0000000100383800'
Event: 21.625 Thread 0x000001a2fb2614b0 Unloading class 0x0000000100383400 'java/lang/invoke/LambdaForm$DMH+0x0000000100383400'
Event: 21.625 Thread 0x000001a2fb2614b0 Unloading class 0x0000000100382800 'java/lang/invoke/LambdaForm$MH+0x0000000100382800'
Event: 21.625 Thread 0x000001a2fb2614b0 Unloading class 0x0000000100382400 'java/lang/invoke/LambdaForm$DMH+0x0000000100382400'
Event: 21.625 Thread 0x000001a2fb2614b0 Unloading class 0x0000000100252400 'java/lang/invoke/LambdaForm$MH+0x0000000100252400'
Event: 21.625 Thread 0x000001a2fb2614b0 Unloading class 0x0000000100252000 'java/lang/invoke/LambdaForm$MH+0x0000000100252000'
Event: 21.625 Thread 0x000001a2fb2614b0 Unloading class 0x0000000100251c00 'java/lang/invoke/LambdaForm$MH+0x0000000100251c00'
Event: 21.625 Thread 0x000001a2fb2614b0 Unloading class 0x0000000100251800 'java/lang/invoke/LambdaForm$MH+0x0000000100251800'
Event: 21.625 Thread 0x000001a2fb2614b0 Unloading class 0x0000000100251400 'java/lang/invoke/LambdaForm$BMH+0x0000000100251400'
Event: 21.625 Thread 0x000001a2fb2614b0 Unloading class 0x0000000100251000 'java/lang/invoke/LambdaForm$DMH+0x0000000100251000'
Event: 21.625 Thread 0x000001a2fb2614b0 Unloading class 0x000000010024c400 'java/lang/invoke/LambdaForm$DMH+0x000000010024c400'
Event: 37.468 Thread 0x000001a2fb2614b0 Unloading class 0x0000000100738c00 'java/lang/invoke/LambdaForm$DMH+0x0000000100738c00'
Event: 37.468 Thread 0x000001a2fb2614b0 Unloading class 0x0000000100738800 'java/lang/invoke/LambdaForm$DMH+0x0000000100738800'
Event: 37.468 Thread 0x000001a2fb2614b0 Unloading class 0x0000000100738400 'java/lang/invoke/LambdaForm$DMH+0x0000000100738400'

Classes redefined (0 events):
No events

Internal exceptions (20 events):
Event: 49.170 Thread 0x000001a2fe286fb0 Exception <a 'sun/nio/fs/WindowsException'{0x00000000eac47d30}> (0x00000000eac47d30) 
thrown [s\src\hotspot\share\prims\jni.cpp, line 516]
Event: 49.171 Thread 0x000001a2fe286fb0 Exception <a 'sun/nio/fs/WindowsException'{0x00000000eac48458}> (0x00000000eac48458) 
thrown [s\src\hotspot\share\prims\jni.cpp, line 516]
Event: 49.188 Thread 0x000001a2fe286fb0 Exception <a 'sun/nio/fs/WindowsException'{0x00000000ead5ebe0}> (0x00000000ead5ebe0) 
thrown [s\src\hotspot\share\prims\jni.cpp, line 516]
Event: 49.196 Thread 0x000001a2fe289830 Exception <a 'sun/nio/fs/WindowsException'{0x00000000eac6f2f8}> (0x00000000eac6f2f8) 
thrown [s\src\hotspot\share\prims\jni.cpp, line 516]
Event: 49.200 Thread 0x000001a2fe284c40 Exception <a 'sun/nio/fs/WindowsException'{0x00000000eac77498}> (0x00000000eac77498) 
thrown [s\src\hotspot\share\prims\jni.cpp, line 516]
Event: 49.209 Thread 0x000001a2fe286fb0 Exception <a 'sun/nio/fs/WindowsException'{0x00000000eaf131b8}> (0x00000000eaf131b8) 
thrown [s\src\hotspot\share\prims\jni.cpp, line 516]
Event: 49.213 Thread 0x000001a2fe289830 Exception <a 'sun/nio/fs/WindowsException'{0x00000000eae24658}> (0x00000000eae24658) 
thrown [s\src\hotspot\share\prims\jni.cpp, line 516]
Event: 49.224 Thread 0x000001a2fe286fb0 Exception <a 'sun/nio/fs/WindowsException'{0x00000000eaf162f0}> (0x00000000eaf162f0) 
thrown [s\src\hotspot\share\prims\jni.cpp, line 516]
Event: 49.226 Thread 0x000001a2fe286fb0 Exception <a 'sun/nio/fs/WindowsException'{0x00000000eafb05a8}> (0x00000000eafb05a8) 
thrown [s\src\hotspot\share\prims\jni.cpp, line 516]
Event: 49.229 Thread 0x000001a2fe289830 Exception <a 'sun/nio/fs/WindowsException'{0x00000000eaf43e00}> (0x00000000eaf43e00) 
thrown [s\src\hotspot\share\prims\jni.cpp, line 516]
Event: 49.231 Thread 0x000001a2fe289830 Exception <a 'sun/nio/fs/WindowsException'{0x00000000eaf48dd8}> (0x00000000eaf48dd8) 
thrown [s\src\hotspot\share\prims\jni.cpp, line 516]
Event: 49.233 Thread 0x000001a2fe286fb0 Exception <a 'sun/nio/fs/WindowsException'{0x00000000eb04b618}> (0x00000000eb04b618) 
thrown [s\src\hotspot\share\prims\jni.cpp, line 516]
Event: 49.233 Thread 0x000001a2fe286fb0 Exception <a 'sun/nio/fs/WindowsException'{0x00000000eb04bac8}> (0x00000000eb04bac8) 
thrown [s\src\hotspot\share\prims\jni.cpp, line 516]
Event: 49.234 Thread 0x000001a2fe286fb0 Exception <a 'sun/nio/fs/WindowsException'{0x00000000eb05e388}> (0x00000000eb05e388) 
thrown [s\src\hotspot\share\prims\jni.cpp, line 516]
Event: 49.234 Thread 0x000001a2fe286fb0 Exception <a 'sun/nio/fs/WindowsException'{0x00000000eb05eae8}> (0x00000000eb05eae8) 
thrown [s\src\hotspot\share\prims\jni.cpp, line 516]
Event: 49.234 Thread 0x000001a2fe286fb0 Exception <a 'sun/nio/fs/WindowsException'{0x00000000eb05ee48}> (0x00000000eb05ee48) 
thrown [s\src\hotspot\share\prims\jni.cpp, line 516]
Event: 49.234 Thread 0x000001a2fe286fb0 Exception <a 'sun/nio/fs/WindowsException'{0x00000000eb05fab0}> (0x00000000eb05fab0) 
thrown [s\src\hotspot\share\prims\jni.cpp, line 516]
Event: 49.243 Thread 0x000001a2fe284c40 Exception <a 'sun/nio/fs/WindowsException'{0x00000000eaf87a98}> (0x00000000eaf87a98) 
thrown [s\src\hotspot\share\prims\jni.cpp, line 516]
Event: 49.259 Thread 0x000001a2fe284c40 Exception <a 'sun/nio/fs/WindowsException'{0x00000000eb218ae0}> (0x00000000eb218ae0) 
thrown [s\src\hotspot\share\prims\jni.cpp, line 516]
Event: 49.260 Thread 0x000001a2fe284c40 Exception <a 'sun/nio/fs/WindowsException'{0x00000000eb27f978}> (0x00000000eb27f978) 
thrown [s\src\hotspot\share\prims\jni.cpp, line 516]

VM Operations (20 events):
Event: 48.216 Executing VM operation: ParallelGCFailedAllocation
Event: 48.223 Executing VM operation: ParallelGCFailedAllocation done
Event: 48.302 Executing VM operation: HandshakeAllThreads
Event: 48.302 Executing VM operation: HandshakeAllThreads done
Event: 48.302 Executing VM operation: HandshakeAllThreads
Event: 48.302 Executing VM operation: HandshakeAllThreads done
Event: 48.303 Executing VM operation: HandshakeAllThreads
Event: 48.304 Executing VM operation: HandshakeAllThreads done
Event: 48.375 Executing VM operation: HandshakeAllThreads
Event: 48.389 Executing VM operation: HandshakeAllThreads done
Event: 48.416 Executing VM operation: HandshakeAllThreads
Event: 48.416 Executing VM operation: HandshakeAllThreads done
Event: 48.449 Executing VM operation: ParallelGCFailedAllocation
Event: 48.455 Executing VM operation: ParallelGCFailedAllocation done
Event: 48.696 Executing VM operation: ParallelGCFailedAllocation
Event: 48.699 Executing VM operation: ParallelGCFailedAllocation done
Event: 48.901 Executing VM operation: ParallelGCFailedAllocation
Event: 48.906 Executing VM operation: ParallelGCFailedAllocation done
Event: 49.155 Executing VM operation: ParallelGCFailedAllocation
Event: 49.166 Executing VM operation: ParallelGCFailedAllocation done

Events (20 events):
Event: 48.434 Thread 0x000001a2fb2a47a0 flushing nmethod 0x000001a2e61b3f10
Event: 48.434 Thread 0x000001a2fb2a47a0 flushing nmethod 0x000001a2e61b5590
Event: 48.434 Thread 0x000001a2fb2a47a0 flushing nmethod 0x000001a2e61b7490
Event: 48.434 Thread 0x000001a2fb2a47a0 flushing nmethod 0x000001a2e61b7a10
Event: 48.434 Thread 0x000001a2fb2a47a0 flushing nmethod 0x000001a2e61b8290
Event: 48.434 Thread 0x000001a2fb2a47a0 flushing nmethod 0x000001a2e61b8d10
Event: 48.434 Thread 0x000001a2fb2a47a0 flushing nmethod 0x000001a2e61ba910
Event: 48.434 Thread 0x000001a2fb2a47a0 flushing nmethod 0x000001a2e61be510
Event: 48.434 Thread 0x000001a2fb2a47a0 flushing nmethod 0x000001a2e61bef90
Event: 48.434 Thread 0x000001a2fb2a47a0 flushing nmethod 0x000001a2e61cd490
Event: 48.434 Thread 0x000001a2fb2a47a0 flushing nmethod 0x000001a2e622fd10
Event: 48.434 Thread 0x000001a2fb2a47a0 flushing nmethod 0x000001a2e6249110
Event: 48.434 Thread 0x000001a2fb2a47a0 flushing nmethod 0x000001a2e624a890
Event: 48.434 Thread 0x000001a2fb2a47a0 flushing nmethod 0x000001a2e6251490
Event: 48.434 Thread 0x000001a2fb2a47a0 flushing nmethod 0x000001a2e6252c10
Event: 48.434 Thread 0x000001a2fb2a47a0 flushing nmethod 0x000001a2e6253c90
Event: 48.434 Thread 0x000001a2fb2a47a0 flushing nmethod 0x000001a2e6254a10
Event: 48.434 Thread 0x000001a2fb2a47a0 flushing nmethod 0x000001a2e6255f10
Event: 48.434 Thread 0x000001a2fb2a47a0 flushing nmethod 0x000001a2e6256590
Event: 48.434 Thread 0x000001a2fb2a47a0 flushing nmethod 0x000001a2e626b810


Dynamic libraries:
0x00007ff609c10000 - 0x00007ff609c1e000 	c:\Users\navneet raj\.vscode\extensions\redhat.java-1.34.0-win32-x64\jre\17.0.12-win32-x86_64\bin\java.exe
0x00007ff9b1890000 - 0x00007ff9b1aa7000 	C:\WINDOWS\SYSTEM32\ntdll.dll
0x00007ff9b08d0000 - 0x00007ff9b0994000 	C:\WINDOWS\System32\KERNEL32.DLL
0x00007ff9aefc0000 - 0x00007ff9af36d000 	C:\WINDOWS\System32\KERNELBASE.dll
0x00007ff9aebb0000 - 0x00007ff9aecc1000 	C:\WINDOWS\System32\ucrtbase.dll
0x00007ff9949c0000 - 0x00007ff9949d7000 	c:\Users\navneet raj\.vscode\extensions\redhat.java-1.34.0-win32-x64\jre\17.0.12-win32-x86_64\bin\jli.dll
0x00007ff99d9e0000 - 0x00007ff99d9fb000 	c:\Users\navneet raj\.vscode\extensions\redhat.java-1.34.0-win32-x64\jre\17.0.12-win32-x86_64\bin\VCRUNTIME140.dll
0x00007ff9b09d0000 - 0x00007ff9b0b7e000 	C:\WINDOWS\System32\USER32.dll
0x00007ff9aee40000 - 0x00007ff9aee66000 	C:\WINDOWS\System32\win32u.dll
0x00007ff9af5c0000 - 0x00007ff9af5e9000 	C:\WINDOWS\System32\GDI32.dll
0x00007ff9aeea0000 - 0x00007ff9aefb9000 	C:\WINDOWS\System32\gdi32full.dll
0x00007ff9af4a0000 - 0x00007ff9af53a000 	C:\WINDOWS\System32\msvcp_win.dll
0x00007ff993140000 - 0x00007ff9933d3000 	C:\WINDOWS\WinSxS\amd64_microsoft.windows.common-controls_6595b64144ccf1df_6.0.22621.3672_none_2713b9d173822955\COMCTL32.dll
0x00007ff9af8d0000 - 0x00007ff9af977000 	C:\WINDOWS\System32\msvcrt.dll
0x00007ff9af890000 - 0x00007ff9af8c1000 	C:\WINDOWS\System32\IMM32.DLL
0x00007ff99e1f0000 - 0x00007ff99e1fc000 	c:\Users\navneet raj\.vscode\extensions\redhat.java-1.34.0-win32-x64\jre\17.0.12-win32-x86_64\bin\vcruntime140_1.dll
0x00007ff954020000 - 0x00007ff9540ad000 	c:\Users\navneet raj\.vscode\extensions\redhat.java-1.34.0-win32-x64\jre\17.0.12-win32-x86_64\bin\msvcp140.dll
0x00007ff924c10000 - 0x00007ff92587a000 	c:\Users\navneet raj\.vscode\extensions\redhat.java-1.34.0-win32-x64\jre\17.0.12-win32-x86_64\bin\server\jvm.dll
0x00007ff9af980000 - 0x00007ff9afa32000 	C:\WINDOWS\System32\ADVAPI32.dll
0x00007ff9b1320000 - 0x00007ff9b13c9000 	C:\WINDOWS\System32\sechost.dll
0x00007ff9aee70000 - 0x00007ff9aee98000 	C:\WINDOWS\System32\bcrypt.dll
0x00007ff9b1200000 - 0x00007ff9b1314000 	C:\WINDOWS\System32\RPCRT4.dll
0x00007ff9af610000 - 0x00007ff9af681000 	C:\WINDOWS\System32\WS2_32.dll
0x00007ff9ae8d0000 - 0x00007ff9ae91d000 	C:\WINDOWS\SYSTEM32\POWRPROF.dll
0x00007ff9a7580000 - 0x00007ff9a75b4000 	C:\WINDOWS\SYSTEM32\WINMM.dll
0x00007ff9a6f60000 - 0x00007ff9a6f6a000 	C:\WINDOWS\SYSTEM32\VERSION.dll
0x00007ff9ae8b0000 - 0x00007ff9ae8c3000 	C:\WINDOWS\SYSTEM32\UMPDC.dll
0x00007ff9adbd0000 - 0x00007ff9adbe8000 	C:\WINDOWS\SYSTEM32\kernel.appcore.dll
0x00007ff99d010000 - 0x00007ff99d01a000 	c:\Users\navneet raj\.vscode\extensions\redhat.java-1.34.0-win32-x64\jre\17.0.12-win32-x86_64\bin\jimage.dll
0x00007ff9ac4c0000 - 0x00007ff9ac6f2000 	C:\WINDOWS\SYSTEM32\DBGHELP.DLL
0x00007ff9b0d40000 - 0x00007ff9b10ce000 	C:\WINDOWS\System32\combase.dll
0x00007ff9af690000 - 0x00007ff9af767000 	C:\WINDOWS\System32\OLEAUT32.dll
0x00007ff989ed0000 - 0x00007ff989f02000 	C:\WINDOWS\SYSTEM32\dbgcore.DLL
0x00007ff9af540000 - 0x00007ff9af5bb000 	C:\WINDOWS\System32\bcryptPrimitives.dll
0x00007ff99cf00000 - 0x00007ff99cf0e000 	c:\Users\navneet raj\.vscode\extensions\redhat.java-1.34.0-win32-x64\jre\17.0.12-win32-x86_64\bin\instrument.dll
0x00007ff95b9f0000 - 0x00007ff95ba15000 	c:\Users\navneet raj\.vscode\extensions\redhat.java-1.34.0-win32-x64\jre\17.0.12-win32-x86_64\bin\java.dll
0x00007ff986e10000 - 0x00007ff986e28000 	c:\Users\navneet raj\.vscode\extensions\redhat.java-1.34.0-win32-x64\jre\17.0.12-win32-x86_64\bin\zip.dll
0x00007ff9afeb0000 - 0x00007ff9b0717000 	C:\WINDOWS\System32\SHELL32.dll
0x00007ff9acae0000 - 0x00007ff9ad3df000 	C:\WINDOWS\SYSTEM32\windows.storage.dll
0x00007ff9ac9a0000 - 0x00007ff9acadf000 	C:\WINDOWS\SYSTEM32\wintypes.dll
0x00007ff9af780000 - 0x00007ff9af879000 	C:\WINDOWS\System32\SHCORE.dll
0x00007ff9afe50000 - 0x00007ff9afeae000 	C:\WINDOWS\System32\shlwapi.dll
0x00007ff9aeae0000 - 0x00007ff9aeb07000 	C:\WINDOWS\SYSTEM32\profapi.dll
0x00007ff97bdd0000 - 0x00007ff97bde9000 	C:\Users\navneet raj\.vscode\extensions\redhat.java-1.34.0-win32-x64\jre\17.0.12-win32-x86_64\bin\net.dll
0x00007ff9aaf10000 - 0x00007ff9ab046000 	C:\WINDOWS\SYSTEM32\WINHTTP.dll
0x00007ff9ae070000 - 0x00007ff9ae0d9000 	C:\WINDOWS\system32\mswsock.dll
0x00007ff970d90000 - 0x00007ff970da6000 	C:\Users\navneet raj\.vscode\extensions\redhat.java-1.34.0-win32-x64\jre\17.0.12-win32-x86_64\bin\nio.dll
0x00007ff99b9c0000 - 0x00007ff99b9d0000 	c:\Users\navneet raj\.vscode\extensions\redhat.java-1.34.0-win32-x64\jre\17.0.12-win32-x86_64\bin\verify.dll
0x00007ff93e9e0000 - 0x00007ff93ea25000 	C:\Users\navneet raj\AppData\Roaming\Code\User\globalStorage\redhat.java\1.34.0\config_win\org.eclipse.equinox.launcher\org.eclipse.equinox.launcher.win32.win32.x86_64_1.2.1100.v20240722-2106\eclipse_11904.dll
0x00007ff9b0720000 - 0x00007ff9b08c5000 	C:\WINDOWS\System32\ole32.dll
0x00007ff993ff0000 - 0x00007ff993ff9000 	C:\Users\navneet raj\.vscode\extensions\redhat.java-1.34.0-win32-x64\jre\17.0.12-win32-x86_64\bin\management.dll
0x00007ff992da0000 - 0x00007ff992dab000 	C:\Users\navneet raj\.vscode\extensions\redhat.java-1.34.0-win32-x64\jre\17.0.12-win32-x86_64\bin\management_ext.dll
0x00007ff9afa40000 - 0x00007ff9afa48000 	C:\WINDOWS\System32\PSAPI.DLL
0x00007ff9ae2c0000 - 0x00007ff9ae2db000 	C:\WINDOWS\SYSTEM32\CRYPTSP.dll
0x00007ff9adb30000 - 0x00007ff9adb65000 	C:\WINDOWS\system32\rsaenh.dll
0x00007ff9ae160000 - 0x00007ff9ae188000 	C:\WINDOWS\SYSTEM32\USERENV.dll
0x00007ff9ae2e0000 - 0x00007ff9ae2ec000 	C:\WINDOWS\SYSTEM32\CRYPTBASE.dll
0x00007ff9ad640000 - 0x00007ff9ad66d000 	C:\WINDOWS\SYSTEM32\IPHLPAPI.DLL
0x00007ff9af770000 - 0x00007ff9af779000 	C:\WINDOWS\System32\NSI.dll
0x00007ff9ab090000 - 0x00007ff9ab0a9000 	C:\WINDOWS\SYSTEM32\dhcpcsvc6.DLL
0x00007ff9ab060000 - 0x00007ff9ab07f000 	C:\WINDOWS\SYSTEM32\dhcpcsvc.DLL
0x00007ff9ad6b0000 - 0x00007ff9ad7a8000 	C:\WINDOWS\SYSTEM32\DNSAPI.dll
0x00007ff93d9a0000 - 0x00007ff93d9e5000 	C:\Users\navneet raj\AppData\Local\Temp\jna-369549252\jna15185551549927728294.dll
0x00007ff991fa0000 - 0x00007ff991fae000 	C:\Users\navneet raj\.vscode\extensions\redhat.java-1.34.0-win32-x64\jre\17.0.12-win32-x86_64\bin\sunmscapi.dll
0x00007ff9aecd0000 - 0x00007ff9aee36000 	C:\WINDOWS\System32\CRYPT32.dll
0x00007ff9ae460000 - 0x00007ff9ae48e000 	C:\WINDOWS\SYSTEM32\ncrypt.dll
0x00007ff9ae420000 - 0x00007ff9ae457000 	C:\WINDOWS\SYSTEM32\NTASN1.dll
0x00007ff9a7530000 - 0x00007ff9a753a000 	C:\Windows\System32\rasadhlp.dll
0x00007ff9a77b0000 - 0x00007ff9a7833000 	C:\WINDOWS\System32\fwpuclnt.dll
0x00007ff9918b0000 - 0x00007ff9918b9000 	C:\Users\navneet raj\.vscode\extensions\redhat.java-1.34.0-win32-x64\jre\17.0.12-win32-x86_64\bin\extnet.dll

dbghelp: loaded successfully - version: 4.0.5 - missing functions: none
symbol engine: initialized successfully - sym options: 0x614 - pdb path: .;c:\Users\navneet raj\.vscode\extensions\redhat.java-1.34.0-win32-x64\jre\17.0.12-win32-x86_64\bin;C:\WINDOWS\SYSTEM32;C:\WINDOWS\WinSxS\amd64_microsoft.windows.common-controls_6595b64144ccf1df_6.0.22621.3672_none_2713b9d173822955;c:\Users\navneet raj\.vscode\extensions\redhat.java-1.34.0-win32-x64\jre\17.0.12-win32-x86_64\bin\server;C:\Users\navneet raj\AppData\Roaming\Code\User\globalStorage\redhat.java\1.34.0\config_win\org.eclipse.equinox.launcher\org.eclipse.equinox.launcher.win32.win32.x86_64_1.2.1100.v20240722-2106;C:\Users\navneet raj\AppData\Local\Temp\jna-369549252

VM Arguments:
jvm_args: --add-modules=ALL-SYSTEM --add-opens=java.base/java.util=ALL-UNNAMED --add-opens=java.base/java.lang=ALL-UNNAMED --add-opens=java.base/sun.nio.fs=ALL-UNNAMED -Declipse.application=org.eclipse.jdt.ls.core.id1 -Dosgi.bundles.defaultStartLevel=4 -Declipse.product=org.eclipse.jdt.ls.core.product -Djava.import.generatesMetadataFilesAtProjectRoot=false -DDetectVMInstallationsJob.disabled=true -Dfile.encoding=utf8 -XX:+UseParallelGC -XX:GCTimeRatio=4 -XX:AdaptiveSizePolicyWeight=90 -Dsun.zip.disableMemoryMapping=true -Xmx1G -Xms100m -Xlog:disable -javaagent:c:\Users\navneet raj\.vscode\extensions\redhat.java-1.34.0-win32-x64\lombok\lombok-1.18.33.jar -XX:+HeapDumpOnOutOfMemoryError -XX:HeapDumpPath=c:\Users\navneet raj\AppData\Roaming\Code\User\workspaceStorage\94c26f5497e12af8846fbe0041721610\redhat.java -Daether.dependencyCollector.impl=bf 
java_command: c:\Users\navneet raj\.vscode\extensions\redhat.java-1.34.0-win32-x64\server\plugins\org.eclipse.equinox.launcher_1.6.900.v20240613-2009.jar -configuration c:\Users\navneet raj\AppData\Roaming\Code\User\globalStorage\redhat.java\1.34.0\config_win -data c:\Users\navneet raj\AppData\Roaming\Code\User\workspaceStorage\94c26f5497e12af8846fbe0041721610\redhat.java\jdt_ws --pipe=\\.\pipe\lsp-6e1d7148e0c7ebe8314e89b2159e65c9-sock
java_class_path (initial): c:\Users\navneet raj\.vscode\extensions\redhat.java-1.34.0-win32-x64\server\plugins\org.eclipse.equinox.launcher_1.6.900.v20240613-2009.jar
Launcher Type: SUN_STANDARD

[Global flags]
    uintx AdaptiveSizePolicyWeight                 = 90                                        {product} {command line}
     intx CICompilerCount                          = 4                                         {product} {ergonomic}
    uintx GCTimeRatio                              = 4                                         {product} {command line}
     bool HeapDumpOnOutOfMemoryError               = true                                   {manageable} {command line}
    ccstr HeapDumpPath                             = c:\Users\navneet raj\AppData\Roaming\Code\User\workspaceStorage\94c26f5497e12af8846fbe0041721610\redhat.java         {manageable} {command line}
   size_t InitialHeapSize                          = 104857600                                 {product} {command line}
   size_t MaxHeapSize                              = 1073741824                                {product} {command line}
   size_t MaxNewSize                               = 357564416                                 {product} {ergonomic}
   size_t MinHeapDeltaBytes                        = 524288                                    {product} {ergonomic}
   size_t MinHeapSize                              = 104857600                                 {product} {command line}
   size_t NewSize                                  = 34603008                                  {product} {ergonomic}
    uintx NonNMethodCodeHeapSize                   = 5839372                                {pd product} {ergonomic}
    uintx NonProfiledCodeHeapSize                  = 122909434                              {pd product} {ergonomic}
   size_t OldSize                                  = 70254592                                  {product} {ergonomic}
    uintx ProfiledCodeHeapSize                     = 122909434                              {pd product} {ergonomic}
    uintx ReservedCodeCacheSize                    = 251658240                              {pd product} {ergonomic}
     bool SegmentedCodeCache                       = true                                      {product} {ergonomic}
   size_t SoftMaxHeapSize                          = 1073741824                             {manageable} {ergonomic}
     bool UseCompressedClassPointers               = true                           {product lp64_product} {ergonomic}
     bool UseCompressedOops                        = true                           {product lp64_product} {ergonomic}
     bool UseLargePagesIndividualAllocation        = false                                  {pd product} {ergonomic}
     bool UseParallelGC                            = true                                      {product} {command line}

Logging:
Log output configuration:
 #0: stdout all=off uptime,level,tags
 #1: stderr all=off uptime,level,tags

Environment Variables:
JAVA_HOME=C:\Program Files\Java\jdk-21
PATH=C:\Program Files\Common Files\Oracle\Java\javapath;C:\WINDOWS\system32;C:\WINDOWS;C:\WINDOWS\System32\Wbem;C:\WINDOWS\System32\WindowsPowerShell\v1.0\;C:\WINDOWS\System32\OpenSSH\;C:\MinGW\bin;C:\Program Files\Microsoft SQL Server\Client SDK\ODBC\170\Tools\Binn\;C:\Program Files (x86)\Microsoft SQL Server\150\Tools\Binn\;C:\Program Files\Microsoft SQL Server\150\Tools\Binn\;C:\Program Files\Microsoft SQL Server\150\DTS\Binn\;C:\Program Files (x86)\Microsoft SQL Server\150\DTS\Binn\;C:\Program Files (x86)\HP\Common\HPDestPlgIn\;C:\Program Files\nodejs\;C:\Program Files\Git\cmd;C:\Program Files\Git\mingw64\bin;C:\Program Files\Git\usr\bin;C:\Program Files\Docker\Docker\resources\bin;C:\Program Files\Microsoft Visual Studio\2022\Community\MSBuild\Current\Bin\Roslyn;C:\Program Files\dotnet\;C:\Program Files\HP\HP One Agent;C:\Users\navneet raj\Downloads\apache-maven-3.9.9\bin;C:\Program Files\MySQL\MySQL Shell 8.0\bin\;C:\Users\navneet raj\AppData\Local\Microsoft\WindowsApps;C:\Users\navneet raj\AppData\Local\Programs\Microsoft VS Code\bin;C:\Program Files\JetBrains\IntelliJ IDEA Community Edition 2021.2.3\java project\IntelliJ IDEA Community Edition 2021.2.3\bin;C:\Program Files\Java\jdk-17.0.1\bin;C:\Program Files\Azure Data Studio\bin;C:\Program Files\MongoDB\Server\5.0\bin;c:\windows\system32\wbem;C:\Users\navneet raj\AppData\Roaming\npm;C:\Users\navneet raj\.dotnet\tools
USERNAME=navneet raj
OS=Windows_NT
PROCESSOR_IDENTIFIER=Intel64 Family 6 Model 140 Stepping 1, GenuineIntel
TMP=C:\Users\NAVNEE~1\AppData\Local\Temp
TEMP=C:\Users\NAVNEE~1\AppData\Local\Temp



Periodic native trim disabled


---------------  S Y S T E M  ---------------

OS:
 Windows 11 , 64 bit Build 22621 (10.0.22621.3958)
OS uptime: 10 days 21:57 hours
Hyper-V role detected

CPU: total 8 (initial active 8) (4 cores per cpu, 2 threads per core) family 6 model 140 stepping 1 microcode 0xa4, cx8, cmov, fxsr, ht, mmx, 3dnowpref, sse, sse2, sse3, ssse3, sse4.1, sse4.2, popcnt, lzcnt, tsc, tscinvbit, avx, avx2, aes, erms, clmul, bmi1, bmi2, adx, avx512f, avx512dq, avx512cd, avx512bw, avx512vl, sha, fma, vzeroupper, avx512_vpopcntdq, avx512_vpclmulqdq, avx512_vaes, avx512_vnni, clflush, clflushopt, clwb, avx512_vbmi2, avx512_vbmi, hv
Processor Information for processor 0
  Max Mhz: 2419, Current Mhz: 1511, Mhz Limit: 2419
Processor Information for processor 1
  Max Mhz: 2419, Current Mhz: 1511, Mhz Limit: 2419
Processor Information for processor 2
  Max Mhz: 2419, Current Mhz: 2419, Mhz Limit: 2419
Processor Information for processor 3
  Max Mhz: 2419, Current Mhz: 1511, Mhz Limit: 2419
Processor Information for processor 4
  Max Mhz: 2419, Current Mhz: 2419, Mhz Limit: 2419
Processor Information for processor 5
  Max Mhz: 2419, Current Mhz: 2419, Mhz Limit: 2419
Processor Information for processor 6
  Max Mhz: 2419, Current Mhz: 2419, Mhz Limit: 2419
Processor Information for processor 7
  Max Mhz: 2419, Current Mhz: 2419, Mhz Limit: 2419

Memory: 4k page, system-wide physical 7957M (306M free)
TotalPageFile size 15456M (AvailPageFile size 7M)
current process WorkingSet (physical memory assigned to process): 668M, peak: 668M
current process commit charge ("private bytes"): 616M, peak: 940M

vm_info: OpenJDK 64-Bit Server VM (17.0.12+7) for windows-amd64 JRE (17.0.12+7), built on Jul 16 2024 22:08:24 by "admin" with MS VC++ 16.10 / 16.11 (VS2019)

END.
